<?xml version="1.0" encoding="UTF-8"?>
<!-- Generated by org.testng.reporters.JUnitReportReporter -->
<testsuite hostname="EPINPUNW039D" failures="0" tests="1" name="epam.com.ObjectAssignment.PojoClass" time="3.130" errors="0" timestamp="2022-02-16T08:09:02 IST" skipped="0">
  <testcase classname="epam.com.ObjectAssignment.PojoClass" name="getObject" time="3.130"/>
  <system-out/>
</testsuite> <!-- epam.com.ObjectAssignment.PojoClass -->
