<?xml version="1.0" encoding="UTF-8"?>
<!-- Generated by org.testng.reporters.JUnitReportReporter -->
<testsuite hostname="EPINPUNW039D" failures="0" tests="1" name="epam.com.ObjectAssignment.UsingSerializationandDeserialization" time="3.471" errors="0" timestamp="2022-02-16T08:53:44 IST" skipped="0">
  <testcase classname="epam.com.ObjectAssignment.UsingSerializationandDeserialization" name="main" time="3.471"/>
  <system-out/>
</testsuite> <!-- epam.com.ObjectAssignment.UsingSerializationandDeserialization -->
