<?xml version="1.0" encoding="UTF-8"?>
<!-- Generated by org.testng.reporters.JUnitReportReporter -->
<testsuite hostname="EPINPUNW039D" failures="0" tests="3" name="epam.com.Testing.AppTest" time="0.010" errors="0" timestamp="2022-02-09T11:55:42 IST" skipped="0">
  <testcase classname="epam.com.Testing.AppTest" name="shouldAnswerWithTrue" time="0.006"/>
  <system-out/>
  <testcase classname="epam.com.Testing.AppTest" name="testApp2" time="0.002"/>
  <system-out/>
  <testcase classname="epam.com.Testing.AppTest" name="testApp1" time="0.002"/>
  <system-out/>
</testsuite> <!-- epam.com.Testing.AppTest -->
