<?xml version="1.0" encoding="UTF-8"?>
<!-- Generated by org.testng.reporters.JUnitReportReporter -->
<testsuite hostname="EPINPUNW039D" failures="0" tests="2" name="epam.com.Testing.TestIgnore" time="0.001" errors="0" timestamp="2022-02-09T11:55:42 IST" skipped="1">
  <testcase classname="epam.com.Testing.TestIgnore" name="testApp1" time="0.001"/>
  <system-out/>
  <testcase classname="epam.com.Testing.TestIgnore" name="testApp2">
    <skipped/>
  </testcase> <!-- testApp2 -->
  <system-out/>
</testsuite> <!-- epam.com.Testing.TestIgnore -->
