<?xml version="1.0" encoding="UTF-8"?>
<!-- Generated by org.testng.reporters.JUnitReportReporter -->
<testsuite hostname="EPINPUNW039D" failures="0" tests="1" name="epam.com.TestngTask.AppTest" time="0.007" errors="0" timestamp="2022-02-12T22:58:33 IST" skipped="0">
  <testcase classname="epam.com.TestngTask.AppTest" name="shouldAnswerWithTrue" time="0.007"/>
  <system-out/>
</testsuite> <!-- epam.com.TestngTask.AppTest -->
