<?xml version="1.0" encoding="UTF-8"?>
<!-- Generated by org.testng.reporters.JUnitReportReporter -->
<testsuite hostname="EPINPUNW039D" failures="0" tests="1" name="epam.com.SeleniumTestCases.TestWebDriver" time="13.821" errors="0" timestamp="2022-02-17T08:58:21 IST" skipped="0">
  <testcase classname="epam.com.SeleniumTestCases.TestWebDriver" name="LoadWebDriver" time="13.821"/>
  <system-out/>
</testsuite> <!-- epam.com.SeleniumTestCases.TestWebDriver -->
