<?xml version="1.0" encoding="UTF-8"?>
<!-- Generated by org.testng.reporters.JUnitReportReporter -->
<testsuite hostname="EPINPUNW039D" failures="0" tests="1" name="epam.com.SeleniumTestCases.PracticeSiteWithSelenium" time="6.771" errors="0" timestamp="2022-02-16T21:54:57 IST" skipped="0">
  <testcase classname="epam.com.SeleniumTestCases.PracticeSiteWithSelenium" name="userLogin" time="6.771"/>
  <system-out/>
</testsuite> <!-- epam.com.SeleniumTestCases.PracticeSiteWithSelenium -->
