<?xml version="1.0" encoding="UTF-8"?>
<!-- Generated by org.testng.reporters.JUnitReportReporter -->
<testsuite hostname="EPINPUNW039D" failures="0" tests="1" name="epam.com.SeleniumTestCases.UiAutomationFactoryAssignment2" time="5.271" errors="0" timestamp="2022-02-17T01:04:44 IST" skipped="0">
  <testcase classname="epam.com.SeleniumTestCases.UiAutomationFactoryAssignment2" name="factory" time="5.271"/>
  <system-out/>
</testsuite> <!-- epam.com.SeleniumTestCases.UiAutomationFactoryAssignment2 -->
