<?xml version="1.0" encoding="UTF-8"?>
<!-- Generated by org.testng.reporters.JUnitReportReporter -->
<testsuite hostname="EPINPUNW039D" failures="0" tests="1" name="epam.com.SeleniumTool.AppTest" time="0.015" errors="0" timestamp="2022-02-14T11:02:29 IST" skipped="0">
  <testcase classname="epam.com.SeleniumTool.AppTest" name="shouldAnswerWithTrue" time="0.015"/>
  <system-out/>
</testsuite> <!-- epam.com.SeleniumTool.AppTest -->
