<?xml version="1.0" encoding="UTF-8"?>
<!-- Generated by org.testng.reporters.JUnitReportReporter -->
<testsuite hostname="EPINPUNW039D" failures="0" tests="1" name="epam.com.SeleniumTestCases.TestWebDriver" time="18.632" errors="0" timestamp="2022-02-16T22:46:00 IST" skipped="0">
  <testcase classname="epam.com.SeleniumTestCases.TestWebDriver" name="LoadWebDriver" time="18.632"/>
  <system-out/>
</testsuite> <!-- epam.com.SeleniumTestCases.TestWebDriver -->
