<?xml version="1.0" encoding="UTF-8"?>
<!-- Generated by org.testng.reporters.JUnitReportReporter -->
<testsuite hostname="EPINPUNW039D" failures="0" tests="1" name="epam.com.SeleniumTestCases.TestWebDriver" time="24.670" errors="0" timestamp="2022-02-23T18:20:32 IST" skipped="0">
  <testcase classname="epam.com.SeleniumTestCases.TestWebDriver" name="LoadWebDriver" time="24.670"/>
  <system-out/>
</testsuite> <!-- epam.com.SeleniumTestCases.TestWebDriver -->
