<?xml version="1.0" encoding="UTF-8"?>
<!-- Generated by org.testng.reporters.JUnitReportReporter -->
<testsuite hostname="EPINPUNW039D" failures="0" tests="1" name="epam.com.RestAssured.ApiAssignment" time="2.480" errors="0" timestamp="2022-02-14T09:35:05 IST" skipped="0">
  <testcase classname="epam.com.RestAssured.ApiAssignment" name="noUnauthenticationUserGetData" time="2.480"/>
  <system-out/>
</testsuite> <!-- epam.com.RestAssured.ApiAssignment -->
