<?xml version="1.0" encoding="UTF-8"?>
<!-- Generated by org.testng.reporters.JUnitReportReporter -->
<testsuite hostname="EPINPUNW039D" failures="0" tests="1" name="epam.com.RestAssured.TestPost" time="3.714" errors="0" timestamp="2022-02-11T15:37:24 IST" skipped="0">
  <testcase classname="epam.com.RestAssured.TestPost" name="testPostObjectFetchResponse" time="3.714"/>
  <system-out/>
</testsuite> <!-- epam.com.RestAssured.TestPost -->
